<?xml version="1.0" encoding="UTF-8"?>
<!-- Generated by org.testng.reporters.JUnitXMLReporter -->
<testsuite ignored="1" hostname="ApurboKabbo" failures="0" tests="1" name="Default test" time="10.698" errors="0" timestamp="2024-03-09T21:19:52 BDT">
  <testcase classname="testcases.LoginSignUpPageTestCases" name="loginAndSignUpPageTextAssertion" time="4.492"/>
  <testcase classname="testcases.LoginSignUpPageTestCases" name="loginSignupPageURLAssertion" time="0.0">
    <ignored/>
  </testcase> <!-- loginSignupPageURLAssertion -->
</testsuite> <!-- Default test -->
