<?xml version="1.0" encoding="UTF-8"?>
<testng-results ignored="1" total="2" passed="1" failed="0" skipped="0">
  <reporter-output>
  </reporter-output>
  <suite started-at="2024-03-09T21:19:41 BDT" name="Default suite" finished-at="2024-03-09T21:19:52 BDT" duration-ms="10698">
    <groups>
    </groups>
    <test started-at="2024-03-09T21:19:41 BDT" name="Default test" finished-at="2024-03-09T21:19:52 BDT" duration-ms="10698">
      <class name="testcases.LoginSignUpPageTestCases">
        <test-method is-config="true" signature="setBrowser()[pri:0, instance:testcases.LoginSignUpPageTestCases@5e403b4a]" started-at="2024-03-09T21:19:41 BDT" name="setBrowser" finished-at="2024-03-09T21:19:46 BDT" duration-ms="4552" status="PASS">
          <reporter-output>
          </reporter-output>
        </test-method> <!-- setBrowser -->
        <test-method signature="loginAndSignUpPageTextAssertion()[pri:0, instance:testcases.LoginSignUpPageTestCases@5e403b4a]" started-at="2024-03-09T21:19:46 BDT" name="loginAndSignUpPageTextAssertion" finished-at="2024-03-09T21:19:50 BDT" duration-ms="4492" status="PASS">
          <reporter-output>
          </reporter-output>
        </test-method> <!-- loginAndSignUpPageTextAssertion -->
        <test-method is-config="true" signature="closeBrowser()[pri:0, instance:testcases.LoginSignUpPageTestCases@5e403b4a]" started-at="2024-03-09T21:19:50 BDT" name="closeBrowser" finished-at="2024-03-09T21:19:52 BDT" duration-ms="1495" status="PASS">
          <reporter-output>
          </reporter-output>
        </test-method> <!-- closeBrowser -->
      </class> <!-- testcases.LoginSignUpPageTestCases -->
    </test> <!-- Default test -->
  </suite> <!-- Default suite -->
</testng-results>
