<?xml version="1.0" encoding="UTF-8"?>
<testng-results ignored="0" total="1" passed="1" failed="0" skipped="0">
  <reporter-output>
  </reporter-output>
  <suite started-at="2024-02-13T00:49:04 BDT" name="Default suite" finished-at="2024-02-13T00:49:19 BDT" duration-ms="14639">
    <groups>
    </groups>
    <test started-at="2024-02-13T00:49:04 BDT" name="Default test" finished-at="2024-02-13T00:49:19 BDT" duration-ms="14639">
      <class name="testcases.LandingPageTestCases">
        <test-method is-config="true" signature="setBrowser()[pri:0, instance:testcases.LandingPageTestCases@21129f1f]" started-at="2024-02-13T00:49:04 BDT" name="setBrowser" finished-at="2024-02-13T00:49:11 BDT" duration-ms="6149" status="PASS">
          <reporter-output>
          </reporter-output>
        </test-method> <!-- setBrowser -->
        <test-method signature="landingScreenVisit()[pri:0, instance:testcases.LandingPageTestCases@21129f1f]" started-at="2024-02-13T00:49:11 BDT" name="landingScreenVisit" finished-at="2024-02-13T00:49:17 BDT" duration-ms="6222" status="PASS">
          <reporter-output>
          </reporter-output>
        </test-method> <!-- landingScreenVisit -->
        <test-method is-config="true" signature="closeBrowser()[pri:0, instance:testcases.LandingPageTestCases@21129f1f]" started-at="2024-02-13T00:49:17 BDT" name="closeBrowser" finished-at="2024-02-13T00:49:19 BDT" duration-ms="2017" status="PASS">
          <reporter-output>
          </reporter-output>
        </test-method> <!-- closeBrowser -->
      </class> <!-- testcases.LandingPageTestCases -->
    </test> <!-- Default test -->
  </suite> <!-- Default suite -->
</testng-results>
